app/build/intermediates/manifest_merge_blame_file/debug/processDebugMainManifest/manifest-merger-blame-debug-report.txt
1<?xml version="1.0" encoding="utf-8"?>
2<manifest xmlns:android="http://schemas.android.com/apk/res/android"
3    package="com.example.c36a"
4    android:versionCode="1"
5    android:versionName="1.0" >
6
7    <uses-sdk
8        android:minSdkVersion="27"
9        android:targetSdkVersion="35" />
10
11    <uses-permission android:name="android.permission.INTERNET" />
11-->src\main\AndroidManifest.xml:5:5-66
11-->src\main\AndroidManifest.xml:5:22-64
12    <uses-permission android:name="android.permission.READ_MEDIA_IMAGES" />
12-->src\main\AndroidManifest.xml:6:5-75
12-->src\main\AndroidManifest.xml:6:22-73
13    <uses-permission android:name="android.permission.ACCESS_NETWORK_STATE" />
13-->[com.google.firebase:firebase-auth:23.2.1] AndroidManifest.xml:26:5-79
13-->[com.google.firebase:firebase-auth:23.2.1] AndroidManifest.xml:26:22-76
14    <uses-permission android:name="com.google.android.providers.gsf.permission.READ_GSERVICES" />
14-->[com.google.android.recaptcha:recaptcha:18.6.1] AndroidManifest.xml:9:5-98
14-->[com.google.android.recaptcha:recaptcha:18.6.1] AndroidManifest.xml:9:22-95
15    <uses-permission android:name="android.permission.WAKE_LOCK" />
15-->[com.evernote:android-job:1.4.2] AndroidManifest.xml:12:5-68
15-->[com.evernote:android-job:1.4.2] AndroidManifest.xml:12:22-65
16    <uses-permission android:name="android.permission.RECEIVE_BOOT_COMPLETED" />
16-->[com.evernote:android-job:1.4.2] AndroidManifest.xml:14:5-81
16-->[com.evernote:android-job:1.4.2] AndroidManifest.xml:14:22-78
17
18    <permission
18-->[androidx.core:core:1.15.0] AndroidManifest.xml:22:5-24:47
19        android:name="com.example.c36a.DYNAMIC_RECEIVER_NOT_EXPORTED_PERMISSION"
19-->[androidx.core:core:1.15.0] AndroidManifest.xml:23:9-81
20        android:protectionLevel="signature" />
20-->[androidx.core:core:1.15.0] AndroidManifest.xml:24:9-44
21
22    <uses-permission android:name="com.example.c36a.DYNAMIC_RECEIVER_NOT_EXPORTED_PERMISSION" />
22-->[androidx.core:core:1.15.0] AndroidManifest.xml:26:5-97
22-->[androidx.core:core:1.15.0] AndroidManifest.xml:26:22-94
23
24    <application
24-->src\main\AndroidManifest.xml:8:5-140:19
25        android:allowBackup="true"
25-->src\main\AndroidManifest.xml:9:9-35
26        android:appComponentFactory="androidx.core.app.CoreComponentFactory"
26-->[androidx.core:core:1.15.0] AndroidManifest.xml:28:18-86
27        android:dataExtractionRules="@xml/data_extraction_rules"
27-->src\main\AndroidManifest.xml:10:9-65
28        android:debuggable="true"
29        android:extractNativeLibs="false"
30        android:fullBackupContent="@xml/backup_rules"
30-->src\main\AndroidManifest.xml:11:9-54
31        android:icon="@mipmap/ic_launcher"
31-->src\main\AndroidManifest.xml:13:9-43
32        android:label="@string/app_name"
32-->src\main\AndroidManifest.xml:14:9-41
33        android:roundIcon="@mipmap/ic_launcher_round"
33-->src\main\AndroidManifest.xml:15:9-54
34        android:supportsRtl="true"
34-->src\main\AndroidManifest.xml:16:9-35
35        android:testOnly="true"
36        android:theme="@style/Theme.C36A" >
36-->src\main\AndroidManifest.xml:17:9-42
37        <activity
37-->src\main\AndroidManifest.xml:19:9-29:20
38            android:name="com.example.c36a.view.UpdateHouseActivity"
38-->src\main\AndroidManifest.xml:20:13-53
39            android:exported="true"
39-->src\main\AndroidManifest.xml:21:13-36
40            android:label="@string/title_activity_update_product"
40-->src\main\AndroidManifest.xml:22:13-66
41            android:theme="@style/Theme.C36A" >
41-->src\main\AndroidManifest.xml:23:13-46
42            <intent-filter>
42-->src\main\AndroidManifest.xml:24:13-28:29
43                <action android:name="android.intent.action.MAIN" />
43-->src\main\AndroidManifest.xml:25:17-69
43-->src\main\AndroidManifest.xml:25:25-66
44
45                <category android:name="android.intent.category.LAUNCHER" />
45-->src\main\AndroidManifest.xml:27:17-77
45-->src\main\AndroidManifest.xml:27:27-74
46            </intent-filter>
47        </activity>
48        <activity
48-->src\main\AndroidManifest.xml:30:9-40:20
49            android:name="com.example.c36a.view.AddHouseActivity"
49-->src\main\AndroidManifest.xml:31:13-50
50            android:exported="true"
50-->src\main\AndroidManifest.xml:32:13-36
51            android:label="@string/title_activity_add_product"
51-->src\main\AndroidManifest.xml:33:13-63
52            android:theme="@style/Theme.C36A" >
52-->src\main\AndroidManifest.xml:34:13-46
53            <intent-filter>
53-->src\main\AndroidManifest.xml:24:13-28:29
54                <action android:name="android.intent.action.MAIN" />
54-->src\main\AndroidManifest.xml:25:17-69
54-->src\main\AndroidManifest.xml:25:25-66
55
56                <category android:name="android.intent.category.LAUNCHER" />
56-->src\main\AndroidManifest.xml:27:17-77
56-->src\main\AndroidManifest.xml:27:27-74
57            </intent-filter>
58        </activity>
59        <activity
59-->src\main\AndroidManifest.xml:41:9-51:20
60            android:name="com.example.c36a.view.RegistrationActivity"
60-->src\main\AndroidManifest.xml:42:13-54
61            android:exported="true"
61-->src\main\AndroidManifest.xml:43:13-36
62            android:label="@string/title_activity_registration"
62-->src\main\AndroidManifest.xml:44:13-64
63            android:theme="@style/Theme.C36A" >
63-->src\main\AndroidManifest.xml:45:13-46
64            <intent-filter>
64-->src\main\AndroidManifest.xml:24:13-28:29
65                <action android:name="android.intent.action.MAIN" />
65-->src\main\AndroidManifest.xml:25:17-69
65-->src\main\AndroidManifest.xml:25:25-66
66
67                <category android:name="android.intent.category.LAUNCHER" />
67-->src\main\AndroidManifest.xml:27:17-77
67-->src\main\AndroidManifest.xml:27:27-74
68            </intent-filter>
69        </activity>
70        <activity
70-->src\main\AndroidManifest.xml:52:9-62:20
71            android:name="com.example.c36a.view.NavigationActivity"
71-->src\main\AndroidManifest.xml:53:13-52
72            android:exported="true"
72-->src\main\AndroidManifest.xml:54:13-36
73            android:label="@string/title_activity_navigation"
73-->src\main\AndroidManifest.xml:55:13-62
74            android:theme="@style/Theme.C36A" >
74-->src\main\AndroidManifest.xml:56:13-46
75            <intent-filter>
75-->src\main\AndroidManifest.xml:24:13-28:29
76                <action android:name="android.intent.action.MAIN" />
76-->src\main\AndroidManifest.xml:25:17-69
76-->src\main\AndroidManifest.xml:25:25-66
77
78                <category android:name="android.intent.category.LAUNCHER" />
78-->src\main\AndroidManifest.xml:27:17-77
78-->src\main\AndroidManifest.xml:27:27-74
79            </intent-filter>
80        </activity>
81        <activity
81-->src\main\AndroidManifest.xml:63:9-73:20
82            android:name="com.example.c36a.view.ListViewActivity"
82-->src\main\AndroidManifest.xml:64:13-50
83            android:exported="true"
83-->src\main\AndroidManifest.xml:65:13-36
84            android:label="@string/title_activity_list_view"
84-->src\main\AndroidManifest.xml:66:13-61
85            android:theme="@style/Theme.C36A" >
85-->src\main\AndroidManifest.xml:67:13-46
86            <intent-filter>
86-->src\main\AndroidManifest.xml:24:13-28:29
87                <action android:name="android.intent.action.MAIN" />
87-->src\main\AndroidManifest.xml:25:17-69
87-->src\main\AndroidManifest.xml:25:25-66
88
89                <category android:name="android.intent.category.LAUNCHER" />
89-->src\main\AndroidManifest.xml:27:17-77
89-->src\main\AndroidManifest.xml:27:27-74
90            </intent-filter>
91        </activity>
92        <activity
92-->src\main\AndroidManifest.xml:74:9-84:20
93            android:name="com.example.c36a.view.SplashActivity"
93-->src\main\AndroidManifest.xml:75:13-48
94            android:exported="true"
94-->src\main\AndroidManifest.xml:76:13-36
95            android:label="@string/title_activity_splash"
95-->src\main\AndroidManifest.xml:77:13-58
96            android:theme="@style/Theme.C36A" >
96-->src\main\AndroidManifest.xml:78:13-46
97            <intent-filter>
97-->src\main\AndroidManifest.xml:24:13-28:29
98                <action android:name="android.intent.action.MAIN" />
98-->src\main\AndroidManifest.xml:25:17-69
98-->src\main\AndroidManifest.xml:25:25-66
99
100                <category android:name="android.intent.category.LAUNCHER" />
100-->src\main\AndroidManifest.xml:27:17-77
100-->src\main\AndroidManifest.xml:27:27-74
101            </intent-filter>
102        </activity>
103        <activity
103-->src\main\AndroidManifest.xml:85:9-95:20
104            android:name="com.example.c36a.view.DashboardActivity"
104-->src\main\AndroidManifest.xml:86:13-51
105            android:exported="true"
105-->src\main\AndroidManifest.xml:87:13-36
106            android:label="@string/title_activity_dashboard"
106-->src\main\AndroidManifest.xml:88:13-61
107            android:theme="@style/Theme.C36A" >
107-->src\main\AndroidManifest.xml:89:13-46
108            <intent-filter>
108-->src\main\AndroidManifest.xml:24:13-28:29
109                <action android:name="android.intent.action.MAIN" />
109-->src\main\AndroidManifest.xml:25:17-69
109-->src\main\AndroidManifest.xml:25:25-66
110
111                <category android:name="android.intent.category.LAUNCHER" />
111-->src\main\AndroidManifest.xml:27:17-77
111-->src\main\AndroidManifest.xml:27:27-74
112            </intent-filter>
113        </activity>
114        <activity
114-->src\main\AndroidManifest.xml:96:9-106:20
115            android:name="com.example.c36a.view.ForgetPasswordActivity"
115-->src\main\AndroidManifest.xml:97:13-56
116            android:exported="true"
116-->src\main\AndroidManifest.xml:98:13-36
117            android:label="@string/title_activity_login"
117-->src\main\AndroidManifest.xml:99:13-57
118            android:theme="@style/Theme.C36A" >
118-->src\main\AndroidManifest.xml:100:13-46
119            <intent-filter>
119-->src\main\AndroidManifest.xml:24:13-28:29
120                <action android:name="android.intent.action.MAIN" />
120-->src\main\AndroidManifest.xml:25:17-69
120-->src\main\AndroidManifest.xml:25:25-66
121
122                <category android:name="android.intent.category.LAUNCHER" />
122-->src\main\AndroidManifest.xml:27:17-77
122-->src\main\AndroidManifest.xml:27:27-74
123            </intent-filter>
124        </activity>
125        <activity
125-->src\main\AndroidManifest.xml:107:9-117:20
126            android:name="com.example.c36a.view.LoginActivity"
126-->src\main\AndroidManifest.xml:108:13-47
127            android:exported="true"
127-->src\main\AndroidManifest.xml:109:13-36
128            android:label="@string/title_activity_login"
128-->src\main\AndroidManifest.xml:110:13-57
129            android:theme="@style/Theme.C36A" >
129-->src\main\AndroidManifest.xml:111:13-46
130            <intent-filter>
130-->src\main\AndroidManifest.xml:24:13-28:29
131                <action android:name="android.intent.action.MAIN" />
131-->src\main\AndroidManifest.xml:25:17-69
131-->src\main\AndroidManifest.xml:25:25-66
132
133                <category android:name="android.intent.category.LAUNCHER" />
133-->src\main\AndroidManifest.xml:27:17-77
133-->src\main\AndroidManifest.xml:27:27-74
134            </intent-filter>
135        </activity>
136        <activity
136-->src\main\AndroidManifest.xml:118:9-128:20
137            android:name="com.example.c36a.view.ProfileActivity"
137-->src\main\AndroidManifest.xml:119:13-49
138            android:exported="true"
138-->src\main\AndroidManifest.xml:120:13-36
139            android:label="@string/title_activity_profile"
139-->src\main\AndroidManifest.xml:121:13-59
140            android:theme="@style/Theme.C36A" >
140-->src\main\AndroidManifest.xml:122:13-46
141            <intent-filter>
141-->src\main\AndroidManifest.xml:24:13-28:29
142                <action android:name="android.intent.action.MAIN" />
142-->src\main\AndroidManifest.xml:25:17-69
142-->src\main\AndroidManifest.xml:25:25-66
143
144                <category android:name="android.intent.category.LAUNCHER" />
144-->src\main\AndroidManifest.xml:27:17-77
144-->src\main\AndroidManifest.xml:27:27-74
145            </intent-filter>
146        </activity>
147        <activity
147-->src\main\AndroidManifest.xml:129:9-139:20
148            android:name="com.example.c36a.view.MainActivity"
148-->src\main\AndroidManifest.xml:130:13-46
149            android:exported="true"
149-->src\main\AndroidManifest.xml:131:13-36
150            android:label="@string/app_name"
150-->src\main\AndroidManifest.xml:132:13-45
151            android:theme="@style/Theme.C36A" >
151-->src\main\AndroidManifest.xml:133:13-46
152            <intent-filter>
152-->src\main\AndroidManifest.xml:24:13-28:29
153                <action android:name="android.intent.action.MAIN" />
153-->src\main\AndroidManifest.xml:25:17-69
153-->src\main\AndroidManifest.xml:25:25-66
154
155                <category android:name="android.intent.category.LAUNCHER" />
155-->src\main\AndroidManifest.xml:27:17-77
155-->src\main\AndroidManifest.xml:27:27-74
156            </intent-filter>
157        </activity>
158        <activity
158-->[com.cloudinary:cloudinary-android-ui:2.1.0] AndroidManifest.xml:10:9-13:56
159            android:name="com.cloudinary.android.uploadwidget.ui.UploadWidgetActivity"
159-->[com.cloudinary:cloudinary-android-ui:2.1.0] AndroidManifest.xml:11:13-87
160            android:configChanges="orientation"
160-->[com.cloudinary:cloudinary-android-ui:2.1.0] AndroidManifest.xml:12:13-48
161            android:theme="@style/UploadWidgetTheme" />
161-->[com.cloudinary:cloudinary-android-ui:2.1.0] AndroidManifest.xml:13:13-53
162        <activity
162-->[androidx.compose.ui:ui-tooling-android:1.6.6] AndroidManifest.xml:23:9-25:39
163            android:name="androidx.compose.ui.tooling.PreviewActivity"
163-->[androidx.compose.ui:ui-tooling-android:1.6.6] AndroidManifest.xml:24:13-71
164            android:exported="true" />
164-->[androidx.compose.ui:ui-tooling-android:1.6.6] AndroidManifest.xml:25:13-36
165        <activity
165-->[androidx.compose.ui:ui-test-manifest:1.6.6] AndroidManifest.xml:23:9-25:39
166            android:name="androidx.activity.ComponentActivity"
166-->[androidx.compose.ui:ui-test-manifest:1.6.6] AndroidManifest.xml:24:13-63
167            android:exported="true" />
167-->[androidx.compose.ui:ui-test-manifest:1.6.6] AndroidManifest.xml:25:13-36
168        <activity
168-->[com.google.firebase:firebase-auth:23.2.1] AndroidManifest.xml:29:9-46:20
169            android:name="com.google.firebase.auth.internal.GenericIdpActivity"
169-->[com.google.firebase:firebase-auth:23.2.1] AndroidManifest.xml:30:13-80
170            android:excludeFromRecents="true"
170-->[com.google.firebase:firebase-auth:23.2.1] AndroidManifest.xml:31:13-46
171            android:exported="true"
171-->[com.google.firebase:firebase-auth:23.2.1] AndroidManifest.xml:32:13-36
172            android:launchMode="singleTask"
172-->[com.google.firebase:firebase-auth:23.2.1] AndroidManifest.xml:33:13-44
173            android:theme="@android:style/Theme.Translucent.NoTitleBar" >
173-->[com.google.firebase:firebase-auth:23.2.1] AndroidManifest.xml:34:13-72
174            <intent-filter>
174-->[com.google.firebase:firebase-auth:23.2.1] AndroidManifest.xml:35:13-45:29
175                <action android:name="android.intent.action.VIEW" />
175-->[com.google.firebase:firebase-auth:23.2.1] AndroidManifest.xml:36:17-69
175-->[com.google.firebase:firebase-auth:23.2.1] AndroidManifest.xml:36:25-66
176
177                <category android:name="android.intent.category.DEFAULT" />
177-->[com.google.firebase:firebase-auth:23.2.1] AndroidManifest.xml:38:17-76
177-->[com.google.firebase:firebase-auth:23.2.1] AndroidManifest.xml:38:27-73
178                <category android:name="android.intent.category.BROWSABLE" />
178-->[com.google.firebase:firebase-auth:23.2.1] AndroidManifest.xml:39:17-78
178-->[com.google.firebase:firebase-auth:23.2.1] AndroidManifest.xml:39:27-75
179
180                <data
180-->[com.google.firebase:firebase-auth:23.2.1] AndroidManifest.xml:41:17-44:51
181                    android:host="firebase.auth"
181-->[com.google.firebase:firebase-auth:23.2.1] AndroidManifest.xml:42:21-49
182                    android:path="/"
182-->[com.google.firebase:firebase-auth:23.2.1] AndroidManifest.xml:43:21-37
183                    android:scheme="genericidp" />
183-->[com.google.firebase:firebase-auth:23.2.1] AndroidManifest.xml:44:21-48
184            </intent-filter>
185        </activity>
186        <activity
186-->[com.google.firebase:firebase-auth:23.2.1] AndroidManifest.xml:47:9-64:20
187            android:name="com.google.firebase.auth.internal.RecaptchaActivity"
187-->[com.google.firebase:firebase-auth:23.2.1] AndroidManifest.xml:48:13-79
188            android:excludeFromRecents="true"
188-->[com.google.firebase:firebase-auth:23.2.1] AndroidManifest.xml:49:13-46
189            android:exported="true"
189-->[com.google.firebase:firebase-auth:23.2.1] AndroidManifest.xml:50:13-36
190            android:launchMode="singleTask"
190-->[com.google.firebase:firebase-auth:23.2.1] AndroidManifest.xml:51:13-44
191            android:theme="@android:style/Theme.Translucent.NoTitleBar" >
191-->[com.google.firebase:firebase-auth:23.2.1] AndroidManifest.xml:52:13-72
192            <intent-filter>
192-->[com.google.firebase:firebase-auth:23.2.1] AndroidManifest.xml:53:13-63:29
193                <action android:name="android.intent.action.VIEW" />
193-->[com.google.firebase:firebase-auth:23.2.1] AndroidManifest.xml:36:17-69
193-->[com.google.firebase:firebase-auth:23.2.1] AndroidManifest.xml:36:25-66
194
195                <category android:name="android.intent.category.DEFAULT" />
195-->[com.google.firebase:firebase-auth:23.2.1] AndroidManifest.xml:38:17-76
195-->[com.google.firebase:firebase-auth:23.2.1] AndroidManifest.xml:38:27-73
196                <category android:name="android.intent.category.BROWSABLE" />
196-->[com.google.firebase:firebase-auth:23.2.1] AndroidManifest.xml:39:17-78
196-->[com.google.firebase:firebase-auth:23.2.1] AndroidManifest.xml:39:27-75
197
198                <data
198-->[com.google.firebase:firebase-auth:23.2.1] AndroidManifest.xml:41:17-44:51
199                    android:host="firebase.auth"
199-->[com.google.firebase:firebase-auth:23.2.1] AndroidManifest.xml:42:21-49
200                    android:path="/"
200-->[com.google.firebase:firebase-auth:23.2.1] AndroidManifest.xml:43:21-37
201                    android:scheme="recaptcha" />
201-->[com.google.firebase:firebase-auth:23.2.1] AndroidManifest.xml:44:21-48
202            </intent-filter>
203        </activity>
204
205        <service
205-->[com.google.firebase:firebase-auth:23.2.1] AndroidManifest.xml:66:9-72:19
206            android:name="com.google.firebase.components.ComponentDiscoveryService"
206-->[com.google.firebase:firebase-auth:23.2.1] AndroidManifest.xml:67:13-84
207            android:directBootAware="true"
207-->[com.google.firebase:firebase-common:21.0.0] AndroidManifest.xml:32:13-43
208            android:exported="false" >
208-->[com.google.firebase:firebase-auth:23.2.1] AndroidManifest.xml:68:13-37
209            <meta-data
209-->[com.google.firebase:firebase-auth:23.2.1] AndroidManifest.xml:69:13-71:85
210                android:name="com.google.firebase.components:com.google.firebase.auth.FirebaseAuthRegistrar"
210-->[com.google.firebase:firebase-auth:23.2.1] AndroidManifest.xml:70:17-109
211                android:value="com.google.firebase.components.ComponentRegistrar" />
211-->[com.google.firebase:firebase-auth:23.2.1] AndroidManifest.xml:71:17-82
212            <meta-data
212-->[com.google.firebase:firebase-database:21.0.0] AndroidManifest.xml:29:13-31:85
213                android:name="com.google.firebase.components:com.google.firebase.database.FirebaseDatabaseKtxRegistrar"
213-->[com.google.firebase:firebase-database:21.0.0] AndroidManifest.xml:30:17-120
214                android:value="com.google.firebase.components.ComponentRegistrar" />
214-->[com.google.firebase:firebase-database:21.0.0] AndroidManifest.xml:31:17-82
215            <meta-data
215-->[com.google.firebase:firebase-database:21.0.0] AndroidManifest.xml:32:13-34:85
216                android:name="com.google.firebase.components:com.google.firebase.database.DatabaseRegistrar"
216-->[com.google.firebase:firebase-database:21.0.0] AndroidManifest.xml:33:17-109
217                android:value="com.google.firebase.components.ComponentRegistrar" />
217-->[com.google.firebase:firebase-database:21.0.0] AndroidManifest.xml:34:17-82
218            <meta-data
218-->[com.google.firebase:firebase-common-ktx:21.0.0] AndroidManifest.xml:12:13-14:85
219                android:name="com.google.firebase.components:com.google.firebase.ktx.FirebaseCommonLegacyRegistrar"
219-->[com.google.firebase:firebase-common-ktx:21.0.0] AndroidManifest.xml:13:17-116
220                android:value="com.google.firebase.components.ComponentRegistrar" />
220-->[com.google.firebase:firebase-common-ktx:21.0.0] AndroidManifest.xml:14:17-82
221            <meta-data
221-->[com.google.firebase:firebase-common:21.0.0] AndroidManifest.xml:35:13-37:85
222                android:name="com.google.firebase.components:com.google.firebase.FirebaseCommonKtxRegistrar"
222-->[com.google.firebase:firebase-common:21.0.0] AndroidManifest.xml:36:17-109
223                android:value="com.google.firebase.components.ComponentRegistrar" />
223-->[com.google.firebase:firebase-common:21.0.0] AndroidManifest.xml:37:17-82
224        </service>
225        <service
225-->[androidx.credentials:credentials-play-services-auth:1.2.0-rc01] AndroidManifest.xml:24:9-32:19
226            android:name="androidx.credentials.playservices.CredentialProviderMetadataHolder"
226-->[androidx.credentials:credentials-play-services-auth:1.2.0-rc01] AndroidManifest.xml:25:13-94
227            android:enabled="true"
227-->[androidx.credentials:credentials-play-services-auth:1.2.0-rc01] AndroidManifest.xml:26:13-35
228            android:exported="false" >
228-->[androidx.credentials:credentials-play-services-auth:1.2.0-rc01] AndroidManifest.xml:27:13-37
229            <meta-data
229-->[androidx.credentials:credentials-play-services-auth:1.2.0-rc01] AndroidManifest.xml:29:13-31:104
230                android:name="androidx.credentials.CREDENTIAL_PROVIDER_KEY"
230-->[androidx.credentials:credentials-play-services-auth:1.2.0-rc01] AndroidManifest.xml:30:17-76
231                android:value="androidx.credentials.playservices.CredentialProviderPlayServicesImpl" />
231-->[androidx.credentials:credentials-play-services-auth:1.2.0-rc01] AndroidManifest.xml:31:17-101
232        </service>
233
234        <activity
234-->[androidx.credentials:credentials-play-services-auth:1.2.0-rc01] AndroidManifest.xml:34:9-41:20
235            android:name="androidx.credentials.playservices.HiddenActivity"
235-->[androidx.credentials:credentials-play-services-auth:1.2.0-rc01] AndroidManifest.xml:35:13-76
236            android:configChanges="orientation|screenSize|screenLayout|keyboardHidden"
236-->[androidx.credentials:credentials-play-services-auth:1.2.0-rc01] AndroidManifest.xml:36:13-87
237            android:enabled="true"
237-->[androidx.credentials:credentials-play-services-auth:1.2.0-rc01] AndroidManifest.xml:37:13-35
238            android:exported="false"
238-->[androidx.credentials:credentials-play-services-auth:1.2.0-rc01] AndroidManifest.xml:38:13-37
239            android:fitsSystemWindows="true"
239-->[androidx.credentials:credentials-play-services-auth:1.2.0-rc01] AndroidManifest.xml:39:13-45
240            android:theme="@style/Theme.Hidden" >
240-->[androidx.credentials:credentials-play-services-auth:1.2.0-rc01] AndroidManifest.xml:40:13-48
241        </activity>
242        <activity
242-->[com.google.android.gms:play-services-auth:20.7.0] AndroidManifest.xml:23:9-27:75
243            android:name="com.google.android.gms.auth.api.signin.internal.SignInHubActivity"
243-->[com.google.android.gms:play-services-auth:20.7.0] AndroidManifest.xml:24:13-93
244            android:excludeFromRecents="true"
244-->[com.google.android.gms:play-services-auth:20.7.0] AndroidManifest.xml:25:13-46
245            android:exported="false"
245-->[com.google.android.gms:play-services-auth:20.7.0] AndroidManifest.xml:26:13-37
246            android:theme="@android:style/Theme.Translucent.NoTitleBar" />
246-->[com.google.android.gms:play-services-auth:20.7.0] AndroidManifest.xml:27:13-72
247        <!--
248            Service handling Google Sign-In user revocation. For apps that do not integrate with
249            Google Sign-In, this service will never be started.
250        -->
251        <service
251-->[com.google.android.gms:play-services-auth:20.7.0] AndroidManifest.xml:33:9-37:51
252            android:name="com.google.android.gms.auth.api.signin.RevocationBoundService"
252-->[com.google.android.gms:play-services-auth:20.7.0] AndroidManifest.xml:34:13-89
253            android:exported="true"
253-->[com.google.android.gms:play-services-auth:20.7.0] AndroidManifest.xml:35:13-36
254            android:permission="com.google.android.gms.auth.api.signin.permission.REVOCATION_NOTIFICATION"
254-->[com.google.android.gms:play-services-auth:20.7.0] AndroidManifest.xml:36:13-107
255            android:visibleToInstantApps="true" />
255-->[com.google.android.gms:play-services-auth:20.7.0] AndroidManifest.xml:37:13-48
256
257        <provider
257-->[com.google.firebase:firebase-common:21.0.0] AndroidManifest.xml:23:9-28:39
258            android:name="com.google.firebase.provider.FirebaseInitProvider"
258-->[com.google.firebase:firebase-common:21.0.0] AndroidManifest.xml:24:13-77
259            android:authorities="com.example.c36a.firebaseinitprovider"
259-->[com.google.firebase:firebase-common:21.0.0] AndroidManifest.xml:25:13-72
260            android:directBootAware="true"
260-->[com.google.firebase:firebase-common:21.0.0] AndroidManifest.xml:26:13-43
261            android:exported="false"
261-->[com.google.firebase:firebase-common:21.0.0] AndroidManifest.xml:27:13-37
262            android:initOrder="100" />
262-->[com.google.firebase:firebase-common:21.0.0] AndroidManifest.xml:28:13-36
263
264        <activity
264-->[com.google.android.gms:play-services-base:18.1.0] AndroidManifest.xml:20:9-22:45
265            android:name="com.google.android.gms.common.api.GoogleApiActivity"
265-->[com.google.android.gms:play-services-base:18.1.0] AndroidManifest.xml:20:19-85
266            android:exported="false"
266-->[com.google.android.gms:play-services-base:18.1.0] AndroidManifest.xml:22:19-43
267            android:theme="@android:style/Theme.Translucent.NoTitleBar" />
267-->[com.google.android.gms:play-services-base:18.1.0] AndroidManifest.xml:21:19-78
268
269        <service
269-->[com.evernote:android-job:1.4.2] AndroidManifest.xml:17:9-20:72
270            android:name="com.evernote.android.job.v21.PlatformJobService"
270-->[com.evernote:android-job:1.4.2] AndroidManifest.xml:18:13-75
271            android:exported="false"
271-->[com.evernote:android-job:1.4.2] AndroidManifest.xml:19:13-37
272            android:permission="android.permission.BIND_JOB_SERVICE" />
272-->[com.evernote:android-job:1.4.2] AndroidManifest.xml:20:13-69
273        <service
273-->[com.evernote:android-job:1.4.2] AndroidManifest.xml:21:9-24:72
274            android:name="com.evernote.android.job.v14.PlatformAlarmService"
274-->[com.evernote:android-job:1.4.2] AndroidManifest.xml:22:13-77
275            android:exported="false"
275-->[com.evernote:android-job:1.4.2] AndroidManifest.xml:23:13-37
276            android:permission="android.permission.BIND_JOB_SERVICE" />
276-->[com.evernote:android-job:1.4.2] AndroidManifest.xml:24:13-69
277        <service
277-->[com.evernote:android-job:1.4.2] AndroidManifest.xml:25:9-27:40
278            android:name="com.evernote.android.job.v14.PlatformAlarmServiceExact"
278-->[com.evernote:android-job:1.4.2] AndroidManifest.xml:26:13-82
279            android:exported="false" />
279-->[com.evernote:android-job:1.4.2] AndroidManifest.xml:27:13-37
280
281        <receiver
281-->[com.evernote:android-job:1.4.2] AndroidManifest.xml:29:9-38:20
282            android:name="com.evernote.android.job.v14.PlatformAlarmReceiver"
282-->[com.evernote:android-job:1.4.2] AndroidManifest.xml:30:13-78
283            android:exported="false" >
283-->[com.evernote:android-job:1.4.2] AndroidManifest.xml:31:13-37
284            <intent-filter>
284-->[com.evernote:android-job:1.4.2] AndroidManifest.xml:32:13-37:29
285
286                <!-- Keep the filter for legacy intents -->
287                <action android:name="com.evernote.android.job.v14.RUN_JOB" />
287-->[com.evernote:android-job:1.4.2] AndroidManifest.xml:35:17-79
287-->[com.evernote:android-job:1.4.2] AndroidManifest.xml:35:25-76
288                <action android:name="net.vrallev.android.job.v14.RUN_JOB" />
288-->[com.evernote:android-job:1.4.2] AndroidManifest.xml:36:17-78
288-->[com.evernote:android-job:1.4.2] AndroidManifest.xml:36:25-75
289            </intent-filter>
290        </receiver>
291        <receiver
291-->[com.evernote:android-job:1.4.2] AndroidManifest.xml:39:9-48:20
292            android:name="com.evernote.android.job.JobBootReceiver"
292-->[com.evernote:android-job:1.4.2] AndroidManifest.xml:40:13-68
293            android:exported="false" >
293-->[com.evernote:android-job:1.4.2] AndroidManifest.xml:41:13-37
294            <intent-filter>
294-->[com.evernote:android-job:1.4.2] AndroidManifest.xml:42:13-47:29
295                <action android:name="android.intent.action.BOOT_COMPLETED" />
295-->[com.evernote:android-job:1.4.2] AndroidManifest.xml:43:17-79